********************************************************************************
DUPLICATOR-LITE PACKAGE-LOG: May 5, 2021 4:27 pm
NOTICE: Do NOT post to public sites or forums 
********************************************************************************
VERSION:	1.4.0
WORDPRESS:	5.7.1
PHP INFO:	8.0.3 | SAPI: apache2handler
SERVER:		Apache/2.4.46 (Win64) OpenSSL/1.1.1j PHP/8.0.3 
PHP TIME LIMIT: (0) no time limit imposed 
PHP MAX MEMORY: 4294967296 (512M default) 
MEMORY STACK: 6MB

********************************************************************************
DATABASE:
********************************************************************************
BUILD MODE:   MYSQLDUMP
MYSQLTIMEOUT: 5000
MYSQLDUMP:    Is Supported
SQL CREATED: sainyi_2fc0520780335ee42365_20210505162729_database.sql
SQL FILE SIZE: 3.36MB (3525859)
SQL FILE TIME: 2021-05-05 16:27:48
SQL RUNTIME: 6.34 sec.

********************************************************************************
ARCHIVE (ZIP):
********************************************************************************
ARCHIVE DIR:  C:/xampp/htdocs
ARCHIVE FILE: sainyi_2fc0520780335ee42365_20210505162729_archive.zip
FILTERS: *OFF*
DIRS:
	not set
FILES:
	not set
EXTS:  not set
----------------------------------------
COMPRESSING
SIZE:	131.89MB
STATS:	Dirs 1,030 | Files 6,028
SQL ADDED: sainyi_2fc0520780335ee42365_20210505162729_database.sql
ZipArchive Object
(
    [lastId] => 7057
    [status] => 0
    [statusSys] => 0
    [numFiles] => 7058
    [filename] => C:\xampp\htdocs\wp-content\backups-dup-lite\tmp\sainyi_2fc0520780335ee42365_20210505162729_archive.zip
    [comment] => 
)

FILE ADDED TO ZIP: 7057
COMPRESSION RESULT: '1'
COMPRESSED SIZE: 43.69MB
ARCHIVE RUNTIME: 93.61 sec.
MEMORY STACK: 8MB
building installer
add_extra_files1
add_extra_files2
add_extra_files3
add_extra_files4
Doing archive file check
add_extra_files5
add_extra_files6
add_extra_files8
Successfully opened zip C:/xampp/htdocs/wp-content/backups-dup-lite/tmp/sainyi_2fc0520780335ee42365_20210505162729_archive.zip
Adding enhanced installer files to archive using ZipArchive
Installer files added to archive
Added to archive
After ziparchive close when adding installer

********************************************************************************
INTEGRITY CHECKS:
********************************************************************************
SQL FILE: 3.36MB
INSTALLER FILE: 63.94KB
ARCHIVE FILE: 45.23MB 
EXPECTED FILE/DIRECTORY COUNT: 7,058
ACTUAL FILE/DIRECTORY COUNT: 7,057
ARCHIVE CONSISTENCY TEST: Pass

********************************************************************************
RECORD ID:[1]
TOTAL PROCESS RUNTIME: 101.40 sec.
PEAK PHP MEMORY USED: 10MB
DONE PROCESSING => sainyi May 5, 2021 4:29 pm

